# JRE version: Java(TM) SE Runtime Environment (7.0_45-b18) (build 1.7.0_45-b18)
# Java VM: Java HotSpot(TM) 64-Bit Server VM (24.45-b08 mixed mode bsd-amd64 compressed oops)
Heap
 PSYoungGen      total 127488K, used 106336K [0x00000007f5500000, 0x00000007ffb80000, 0x0000000800000000)
  eden space 88576K, 100% used [0x00000007f5500000,0x00000007fab80000,0x00000007fab80000)
  from space 38912K, 45% used [0x00000007fd580000,0x00000007fe6d8020,0x00000007ffb80000)
  to   space 40960K, 33% used [0x00000007fab80000,0x00000007fb918020,0x00000007fd380000)
 ParOldGen       total 209408K, used 108561K [0x00000007e0000000, 0x00000007ecc80000, 0x00000007f5500000)
  object space 209408K, 51% used [0x00000007e0000000,0x00000007e6a044b0,0x00000007ecc80000)
 PSPermGen       total 28160K, used 27911K [0x00000007dae00000, 0x00000007dc980000, 0x00000007e0000000)
  object space 28160K, 99% used [0x00000007dae00000,0x00000007dc941cf0,0x00000007dc980000)
GC Heap History (10 events):
Event: 33.263 GC heap after
Heap after GC invocations=42 (full 4):
 PSYoungGen      total 123392K, used 24865K [0x00000007f5500000, 0x00000007ffd80000, 0x0000000800000000)
  eden space 76288K, 0% used [0x00000007f5500000,0x00000007f5500000,0x00000007f9f80000)
  from space 47104K, 52% used [0x00000007fcf80000,0x00000007fe7c8668,0x00000007ffd80000)
  to   space 48128K, 0% used [0x00000007f9f80000,0x00000007f9f80000,0x00000007fce80000)
 ParOldGen       total 209408K, used 97538K [0x00000007e0000000, 0x00000007ecc80000, 0x00000007f5500000)
  object space 209408K, 46% used [0x00000007e0000000,0x00000007e5f40b60,0x00000007ecc80000)
 PSPermGen       total 28160K, used 27450K [0x00000007dae00000, 0x00000007dc980000, 0x00000007e0000000)
  object space 28160K, 97% used [0x00000007dae00000,0x00000007dc8ceb90,0x00000007dc980000)
}
Event: 33.712 GC heap before
{Heap before GC invocations=43 (full 4):
 PSYoungGen      total 123392K, used 101153K [0x00000007f5500000, 0x00000007ffd80000, 0x0000000800000000)
  eden space 76288K, 100% used [0x00000007f5500000,0x00000007f9f80000,0x00000007f9f80000)
  from space 47104K, 52% used [0x00000007fcf80000,0x00000007fe7c8668,0x00000007ffd80000)
  to   space 48128K, 0% used [0x00000007f9f80000,0x00000007f9f80000,0x00000007fce80000)
 ParOldGen       total 209408K, used 97538K [0x00000007e0000000, 0x00000007ecc80000, 0x00000007f5500000)
  object space 209408K, 46% used [0x00000007e0000000,0x00000007e5f40b60,0x00000007ecc80000)
 PSPermGen       total 28160K, used 27455K [0x00000007dae00000, 0x00000007dc980000, 0x00000007e0000000)
  object space 28160K, 97% used [0x00000007dae00000,0x00000007dc8cfcf8,0x00000007dc980000)
Event: 33.745 GC heap after
Heap after GC invocations=43 (full 4):
 PSYoungGen      total 124416K, used 24801K [0x00000007f5500000, 0x00000007ffe00000, 0x0000000800000000)
  eden space 76288K, 0% used [0x00000007f5500000,0x00000007f5500000,0x00000007f9f80000)
  from space 48128K, 51% used [0x00000007f9f80000,0x00000007fb7b8668,0x00000007fce80000)
  to   space 46592K, 0% used [0x00000007fd080000,0x00000007fd080000,0x00000007ffe00000)
 ParOldGen       total 209408K, used 97538K [0x00000007e0000000, 0x00000007ecc80000, 0x00000007f5500000)
  object space 209408K, 46% used [0x00000007e0000000,0x00000007e5f40b60,0x00000007ecc80000)
 PSPermGen       total 28160K, used 27455K [0x00000007dae00000, 0x00000007dc980000, 0x00000007e0000000)
  object space 28160K, 97% used [0x00000007dae00000,0x00000007dc8cfcf8,0x00000007dc980000)
}
Event: 34.192 GC heap before
{Heap before GC invocations=44 (full 4):
 PSYoungGen      total 124416K, used 101089K [0x00000007f5500000, 0x00000007ffe00000, 0x0000000800000000)
  eden space 76288K, 100% used [0x00000007f5500000,0x00000007f9f80000,0x00000007f9f80000)
  from space 48128K, 51% used [0x00000007f9f80000,0x00000007fb7b8668,0x00000007fce80000)
  to   space 46592K, 0% used [0x00000007fd080000,0x00000007fd080000,0x00000007ffe00000)
 ParOldGen       total 209408K, used 97538K [0x00000007e0000000, 0x00000007ecc80000, 0x00000007f5500000)
  object space 209408K, 46% used [0x00000007e0000000,0x00000007e5f40b60,0x00000007ecc80000)
 PSPermGen       total 28160K, used 27461K [0x00000007dae00000, 0x00000007dc980000, 0x00000007e0000000)
  object space 28160K, 97% used [0x00000007dae00000,0x00000007dc8d14f8,0x00000007dc980000)
Event: 34.230 GC heap after
Heap after GC invocations=44 (full 4):
 PSYoungGen      total 122368K, used 22272K [0x00000007f5500000, 0x00000007ff980000, 0x0000000800000000)
  eden space 80384K, 0% used [0x00000007f5500000,0x00000007f5500000,0x00000007fa380000)
  from space 41984K, 53% used [0x00000007fd080000,0x00000007fe640050,0x00000007ff980000)
  to   space 44032K, 0% used [0x00000007fa380000,0x00000007fa380000,0x00000007fce80000)
 ParOldGen       total 209408K, used 101196K [0x00000007e0000000, 0x00000007ecc80000, 0x00000007f5500000)
  object space 209408K, 48% used [0x00000007e0000000,0x00000007e62d3198,0x00000007ecc80000)
 PSPermGen       total 28160K, used 27461K [0x00000007dae00000, 0x00000007dc980000, 0x00000007e0000000)
  object space 28160K, 97% used [0x00000007dae00000,0x00000007dc8d14f8,0x00000007dc980000)
}
Event: 34.548 GC heap before
{Heap before GC invocations=45 (full 4):
 PSYoungGen      total 122368K, used 102656K [0x00000007f5500000, 0x00000007ff980000, 0x0000000800000000)
  eden space 80384K, 100% used [0x00000007f5500000,0x00000007fa380000,0x00000007fa380000)
  from space 41984K, 53% used [0x00000007fd080000,0x00000007fe640050,0x00000007ff980000)
  to   space 44032K, 0% used [0x00000007fa380000,0x00000007fa380000,0x00000007fce80000)
 ParOldGen       total 209408K, used 101196K [0x00000007e0000000, 0x00000007ecc80000, 0x00000007f5500000)
  object space 209408K, 48% used [0x00000007e0000000,0x00000007e62d3198,0x00000007ecc80000)
 PSPermGen       total 28160K, used 27463K [0x00000007dae00000, 0x00000007dc980000, 0x00000007e0000000)
  object space 28160K, 97% used [0x00000007dae00000,0x00000007dc8d1c18,0x00000007dc980000)
Event: 34.580 GC heap after
Heap after GC invocations=45 (full 4):
 PSYoungGen      total 124416K, used 19552K [0x00000007f5500000, 0x00000007fff00000, 0x0000000800000000)
  eden space 80384K, 0% used [0x00000007f5500000,0x00000007f5500000,0x00000007fa380000)
  from space 44032K, 44% used [0x00000007fa380000,0x00000007fb698020,0x00000007fce80000)
  to   space 42496K, 0% used [0x00000007fd580000,0x00000007fd580000,0x00000007fff00000)
 ParOldGen       total 209408K, used 102859K [0x00000007e0000000, 0x00000007ecc80000, 0x00000007f5500000)
  object space 209408K, 49% used [0x00000007e0000000,0x00000007e6472ea8,0x00000007ecc80000)
 PSPermGen       total 28160K, used 27463K [0x00000007dae00000, 0x00000007dc980000, 0x00000007e0000000)
  object space 28160K, 97% used [0x00000007dae00000,0x00000007dc8d1c18,0x00000007dc980000)
}
Event: 35.087 GC heap before
{Heap before GC invocations=46 (full 4):
 PSYoungGen      total 124416K, used 99936K [0x00000007f5500000, 0x00000007fff00000, 0x0000000800000000)
  eden space 80384K, 100% used [0x00000007f5500000,0x00000007fa380000,0x00000007fa380000)
  from space 44032K, 44% used [0x00000007fa380000,0x00000007fb698020,0x00000007fce80000)
  to   space 42496K, 0% used [0x00000007fd580000,0x00000007fd580000,0x00000007fff00000)
 ParOldGen       total 209408K, used 102859K [0x00000007e0000000, 0x00000007ecc80000, 0x00000007f5500000)
  object space 209408K, 49% used [0x00000007e0000000,0x00000007e6472ea8,0x00000007ecc80000)
 PSPermGen       total 28160K, used 27469K [0x00000007dae00000, 0x00000007dc980000, 0x00000007e0000000)
  object space 28160K, 97% used [0x00000007dae00000,0x00000007dc8d37f8,0x00000007dc980000)
Event: 35.117 GC heap after
Heap after GC invocations=46 (full 4):
 PSYoungGen      total 127488K, used 17760K [0x00000007f5500000, 0x00000007ffb80000, 0x0000000800000000)
  eden space 88576K, 0% used [0x00000007f5500000,0x00000007f5500000,0x00000007fab80000)
  from space 38912K, 45% used [0x00000007fd580000,0x00000007fe6d8020,0x00000007ffb80000)
  to   space 40960K, 0% used [0x00000007fab80000,0x00000007fab80000,0x00000007fd380000)
 ParOldGen       total 209408K, used 104683K [0x00000007e0000000, 0x00000007ecc80000, 0x00000007f5500000)
  object space 209408K, 49% used [0x00000007e0000000,0x00000007e663aea8,0x00000007ecc80000)
 PSPermGen       total 28160K, used 27469K [0x00000007dae00000, 0x00000007dc980000, 0x00000007e0000000)
  object space 28160K, 97% used [0x00000007dae00000,0x00000007dc8d37f8,0x00000007dc980000)
}
Event: 35.854 GC heap before
{Heap before GC invocations=47 (full 4):
 PSYoungGen      total 127488K, used 106336K [0x00000007f5500000, 0x00000007ffb80000, 0x0000000800000000)
  eden space 88576K, 100% used [0x00000007f5500000,0x00000007fab80000,0x00000007fab80000)
  from space 38912K, 45% used [0x00000007fd580000,0x00000007fe6d8020,0x00000007ffb80000)
  to   space 40960K, 0% used [0x00000007fab80000,0x00000007fab80000,0x00000007fd380000)
 ParOldGen       total 209408K, used 104683K [0x00000007e0000000, 0x00000007ecc80000, 0x00000007f5500000)
  object space 209408K, 49% used [0x00000007e0000000,0x00000007e663aea8,0x00000007ecc80000)
 PSPermGen       total 28160K, used 27911K [0x00000007dae00000, 0x00000007dc980000, 0x00000007e0000000)
  object space 28160K, 99% used [0x00000007dae00000,0x00000007dc941cf0,0x00000007dc980000)

