# JRE version: Java(TM) SE Runtime Environment (7.0_45-b18) (build 1.7.0_45-b18)
# Java VM: Java HotSpot(TM) 64-Bit Server VM (24.45-b08 mixed mode bsd-amd64 compressed oops)
Heap
 PSYoungGen      total 116736K, used 39552K [0x00000007f5500000, 0x0000000800000000, 0x0000000800000000)
  eden space 58368K, 21% used [0x00000007f5500000,0x00000007f617c1c8,0x00000007f8e00000)
  from space 58368K, 45% used [0x00000007fc700000,0x00000007fe124090,0x0000000800000000)
  to   space 58368K, 0% used [0x00000007f8e00000,0x00000007f8e00000,0x00000007fc700000)
 ParOldGen       total 165888K, used 100201K [0x00000007e0000000, 0x00000007ea200000, 0x00000007f5500000)
  object space 165888K, 60% used [0x00000007e0000000,0x00000007e61da648,0x00000007ea200000)
 PSPermGen       total 27648K, used 13873K [0x00000007dae00000, 0x00000007dc900000, 0x00000007e0000000)
  object space 27648K, 50% used [0x00000007dae00000,0x00000007dbb8c740,0x00000007dc900000)
GC Heap History (10 events):
Event: 20.354 GC heap before
{Heap before GC invocations=15 (full 2):
 PSYoungGen      total 118272K, used 112764K [0x00000007f5500000, 0x0000000800000000, 0x0000000800000000)
  eden space 72704K, 100% used [0x00000007f5500000,0x00000007f9c00000,0x00000007f9c00000)
  from space 45568K, 87% used [0x00000007fd380000,0x00000007ffa9f3e8,0x0000000800000000)
  to   space 51200K, 0% used [0x00000007f9c00000,0x00000007f9c00000,0x00000007fce00000)
 ParOldGen       total 144384K, used 79491K [0x00000007e0000000, 0x00000007e8d00000, 0x00000007f5500000)
  object space 144384K, 55% used [0x00000007e0000000,0x00000007e4da0c00,0x00000007e8d00000)
 PSPermGen       total 27136K, used 13634K [0x00000007dae00000, 0x00000007dc880000, 0x00000007e0000000)
  object space 27136K, 50% used [0x00000007dae00000,0x00000007dbb50a08,0x00000007dc880000)
Event: 20.416 GC heap after
Heap after GC invocations=15 (full 2):
 PSYoungGen      total 123904K, used 51174K [0x00000007f5500000, 0x0000000800000000, 0x0000000800000000)
  eden space 72704K, 0% used [0x00000007f5500000,0x00000007f5500000,0x00000007f9c00000)
  from space 51200K, 99% used [0x00000007f9c00000,0x00000007fcdf9bf0,0x00000007fce00000)
  to   space 51200K, 0% used [0x00000007fce00000,0x00000007fce00000,0x0000000800000000)
 ParOldGen       total 144384K, used 102697K [0x00000007e0000000, 0x00000007e8d00000, 0x00000007f5500000)
  object space 144384K, 71% used [0x00000007e0000000,0x00000007e644a560,0x00000007e8d00000)
 PSPermGen       total 27136K, used 13634K [0x00000007dae00000, 0x00000007dc880000, 0x00000007e0000000)
  object space 27136K, 50% used [0x00000007dae00000,0x00000007dbb50a08,0x00000007dc880000)
}
Event: 21.741 GC heap before
{Heap before GC invocations=16 (full 2):
 PSYoungGen      total 123904K, used 123878K [0x00000007f5500000, 0x0000000800000000, 0x0000000800000000)
  eden space 72704K, 100% used [0x00000007f5500000,0x00000007f9c00000,0x00000007f9c00000)
  from space 51200K, 99% used [0x00000007f9c00000,0x00000007fcdf9bf0,0x00000007fce00000)
  to   space 51200K, 0% used [0x00000007fce00000,0x00000007fce00000,0x0000000800000000)
 ParOldGen       total 144384K, used 102697K [0x00000007e0000000, 0x00000007e8d00000, 0x00000007f5500000)
  object space 144384K, 71% used [0x00000007e0000000,0x00000007e644a560,0x00000007e8d00000)
 PSPermGen       total 27136K, used 13711K [0x00000007dae00000, 0x00000007dc880000, 0x00000007e0000000)
  object space 27136K, 50% used [0x00000007dae00000,0x00000007dbb63f70,0x00000007dc880000)
Event: 21.803 GC heap after
Heap after GC invocations=16 (full 2):
 PSYoungGen      total 109568K, used 51185K [0x00000007f5500000, 0x0000000800000000, 0x0000000800000000)
  eden space 58368K, 0% used [0x00000007f5500000,0x00000007f5500000,0x00000007f8e00000)
  from space 51200K, 99% used [0x00000007fce00000,0x00000007ffffc710,0x0000000800000000)
  to   space 58368K, 0% used [0x00000007f8e00000,0x00000007f8e00000,0x00000007fc700000)
 ParOldGen       total 144384K, used 139387K [0x00000007e0000000, 0x00000007e8d00000, 0x00000007f5500000)
  object space 144384K, 96% used [0x00000007e0000000,0x00000007e881efc0,0x00000007e8d00000)
 PSPermGen       total 27136K, used 13711K [0x00000007dae00000, 0x00000007dc880000, 0x00000007e0000000)
  object space 27136K, 50% used [0x00000007dae00000,0x00000007dbb63f70,0x00000007dc880000)
}
Event: 21.803 GC heap before
{Heap before GC invocations=17 (full 3):
 PSYoungGen      total 109568K, used 51185K [0x00000007f5500000, 0x0000000800000000, 0x0000000800000000)
  eden space 58368K, 0% used [0x00000007f5500000,0x00000007f5500000,0x00000007f8e00000)
  from space 51200K, 99% used [0x00000007fce00000,0x00000007ffffc710,0x0000000800000000)
  to   space 58368K, 0% used [0x00000007f8e00000,0x00000007f8e00000,0x00000007fc700000)
 ParOldGen       total 144384K, used 139387K [0x00000007e0000000, 0x00000007e8d00000, 0x00000007f5500000)
  object space 144384K, 96% used [0x00000007e0000000,0x00000007e881efc0,0x00000007e8d00000)
 PSPermGen       total 27136K, used 13711K [0x00000007dae00000, 0x00000007dc880000, 0x00000007e0000000)
  object space 27136K, 50% used [0x00000007dae00000,0x00000007dbb63f70,0x00000007dc880000)
Event: 22.193 GC heap after
Heap after GC invocations=17 (full 3):
 PSYoungGen      total 109568K, used 0K [0x00000007f5500000, 0x0000000800000000, 0x0000000800000000)
  eden space 58368K, 0% used [0x00000007f5500000,0x00000007f5500000,0x00000007f8e00000)
  from space 51200K, 0% used [0x00000007fce00000,0x00000007fce00000,0x0000000800000000)
  to   space 58368K, 0% used [0x00000007f8e00000,0x00000007f8e00000,0x00000007fc700000)
 ParOldGen       total 165888K, used 71730K [0x00000007e0000000, 0x00000007ea200000, 0x00000007f5500000)
  object space 165888K, 43% used [0x00000007e0000000,0x00000007e460c958,0x00000007ea200000)
 PSPermGen       total 27648K, used 13702K [0x00000007dae00000, 0x00000007dc900000, 0x00000007e0000000)
  object space 27648K, 49% used [0x00000007dae00000,0x00000007dbb61bd0,0x00000007dc900000)
}
Event: 22.805 GC heap before
{Heap before GC invocations=18 (full 3):
 PSYoungGen      total 109568K, used 58368K [0x00000007f5500000, 0x0000000800000000, 0x0000000800000000)
  eden space 58368K, 100% used [0x00000007f5500000,0x00000007f8e00000,0x00000007f8e00000)
  from space 51200K, 0% used [0x00000007fce00000,0x00000007fce00000,0x0000000800000000)
  to   space 58368K, 0% used [0x00000007f8e00000,0x00000007f8e00000,0x00000007fc700000)
 ParOldGen       total 165888K, used 71730K [0x00000007e0000000, 0x00000007ea200000, 0x00000007f5500000)
  object space 165888K, 43% used [0x00000007e0000000,0x00000007e460c958,0x00000007ea200000)
 PSPermGen       total 27648K, used 13782K [0x00000007dae00000, 0x00000007dc900000, 0x00000007e0000000)
  object space 27648K, 49% used [0x00000007dae00000,0x00000007dbb75998,0x00000007dc900000)
Event: 22.822 GC heap after
Heap after GC invocations=18 (full 3):
 PSYoungGen      total 116736K, used 27174K [0x00000007f5500000, 0x0000000800000000, 0x0000000800000000)
  eden space 58368K, 0% used [0x00000007f5500000,0x00000007f5500000,0x00000007f8e00000)
  from space 58368K, 46% used [0x00000007f8e00000,0x00000007fa889910,0x00000007fc700000)
  to   space 58368K, 0% used [0x00000007fc700000,0x00000007fc700000,0x0000000800000000)
 ParOldGen       total 165888K, used 71730K [0x00000007e0000000, 0x00000007ea200000, 0x00000007f5500000)
  object space 165888K, 43% used [0x00000007e0000000,0x00000007e460c958,0x00000007ea200000)
 PSPermGen       total 27648K, used 13782K [0x00000007dae00000, 0x00000007dc900000, 0x00000007e0000000)
  object space 27648K, 49% used [0x00000007dae00000,0x00000007dbb75998,0x00000007dc900000)
}
Event: 23.356 GC heap before
{Heap before GC invocations=19 (full 3):
 PSYoungGen      total 116736K, used 85542K [0x00000007f5500000, 0x0000000800000000, 0x0000000800000000)
  eden space 58368K, 100% used [0x00000007f5500000,0x00000007f8e00000,0x00000007f8e00000)
  from space 58368K, 46% used [0x00000007f8e00000,0x00000007fa889910,0x00000007fc700000)
  to   space 58368K, 0% used [0x00000007fc700000,0x00000007fc700000,0x0000000800000000)
 ParOldGen       total 165888K, used 71730K [0x00000007e0000000, 0x00000007ea200000, 0x00000007f5500000)
  object space 165888K, 43% used [0x00000007e0000000,0x00000007e460c958,0x00000007ea200000)
 PSPermGen       total 27648K, used 13869K [0x00000007dae00000, 0x00000007dc900000, 0x00000007e0000000)
  object space 27648K, 50% used [0x00000007dae00000,0x00000007dbb8b458,0x00000007dc900000)
Event: 23.388 GC heap after
Heap after GC invocations=19 (full 3):
 PSYoungGen      total 116736K, used 26768K [0x00000007f5500000, 0x0000000800000000, 0x0000000800000000)
  eden space 58368K, 0% used [0x00000007f5500000,0x00000007f5500000,0x00000007f8e00000)
  from space 58368K, 45% used [0x00000007fc700000,0x00000007fe124090,0x0000000800000000)
  to   space 58368K, 0% used [0x00000007f8e00000,0x00000007f8e00000,0x00000007fc700000)
 ParOldGen       total 165888K, used 100201K [0x00000007e0000000, 0x00000007ea200000, 0x00000007f5500000)
  object space 165888K, 60% used [0x00000007e0000000,0x00000007e61da648,0x00000007ea200000)
 PSPermGen       total 27648K, used 13869K [0x00000007dae00000, 0x00000007dc900000, 0x00000007e0000000)
  object space 27648K, 50% used [0x00000007dae00000,0x00000007dbb8b458,0x00000007dc900000)
}

