# JRE version: Java(TM) SE Runtime Environment (7.0_45-b18) (build 1.7.0_45-b18)
# Java VM: Java HotSpot(TM) 64-Bit Server VM (24.45-b08 mixed mode bsd-amd64 compressed oops)
Heap
 PSYoungGen      total 143360K, used 21029K [0x00000007eaa80000, 0x00000007f9880000, 0x0000000800000000)
  eden space 128512K, 4% used [0x00000007eaa80000,0x00000007eb08e9d0,0x00000007f2800000)
  from space 14848K, 99% used [0x00000007f2800000,0x00000007f367adb0,0x00000007f3680000)
  to   space 18944K, 32% used [0x00000007f8600000,0x00000007f8c0c0e0,0x00000007f9880000)
 ParOldGen       total 43520K, used 27993K [0x00000007c0000000, 0x00000007c2a80000, 0x00000007eaa80000)
  object space 43520K, 64% used [0x00000007c0000000,0x00000007c1b58760,0x00000007c2a80000)
 PSPermGen       total 23040K, used 22767K [0x00000007bae00000, 0x00000007bc480000, 0x00000007c0000000)
  object space 23040K, 98% used [0x00000007bae00000,0x00000007bc43bec8,0x00000007bc480000)
GC Heap History (10 events):
Event: 2.527 GC heap after
Heap after GC invocations=5 (full 0):
 PSYoungGen      total 36352K, used 2560K [0x00000007eaa80000, 0x00000007ef980000, 0x0000000800000000)
  eden space 33792K, 0% used [0x00000007eaa80000,0x00000007eaa80000,0x00000007ecb80000)
  from space 2560K, 100% used [0x00000007ecb80000,0x00000007ece00000,0x00000007ece00000)
  to   space 6656K, 0% used [0x00000007ef300000,0x00000007ef300000,0x00000007ef980000)
 ParOldGen       total 43520K, used 6226K [0x00000007c0000000, 0x00000007c2a80000, 0x00000007eaa80000)
  object space 43520K, 14% used [0x00000007c0000000,0x00000007c0614a60,0x00000007c2a80000)
 PSPermGen       total 21504K, used 12285K [0x00000007bae00000, 0x00000007bc300000, 0x00000007c0000000)
  object space 21504K, 57% used [0x00000007bae00000,0x00000007bb9ff520,0x00000007bc300000)
}
Event: 3.519 GC heap before
{Heap before GC invocations=6 (full 0):
 PSYoungGen      total 36352K, used 36352K [0x00000007eaa80000, 0x00000007ef980000, 0x0000000800000000)
  eden space 33792K, 100% used [0x00000007eaa80000,0x00000007ecb80000,0x00000007ecb80000)
  from space 2560K, 100% used [0x00000007ecb80000,0x00000007ece00000,0x00000007ece00000)
  to   space 6656K, 0% used [0x00000007ef300000,0x00000007ef300000,0x00000007ef980000)
 ParOldGen       total 43520K, used 6226K [0x00000007c0000000, 0x00000007c2a80000, 0x00000007eaa80000)
  object space 43520K, 14% used [0x00000007c0000000,0x00000007c0614a60,0x00000007c2a80000)
 PSPermGen       total 21504K, used 13081K [0x00000007bae00000, 0x00000007bc300000, 0x00000007c0000000)
  object space 21504K, 60% used [0x00000007bae00000,0x00000007bbac6768,0x00000007bc300000)
Event: 3.528 GC heap after
Heap after GC invocations=6 (full 0):
 PSYoungGen      total 74240K, used 4551K [0x00000007eaa80000, 0x00000007ef980000, 0x0000000800000000)
  eden space 67584K, 0% used [0x00000007eaa80000,0x00000007eaa80000,0x00000007eec80000)
  from space 6656K, 68% used [0x00000007ef300000,0x00000007ef771d50,0x00000007ef980000)
  to   space 6656K, 0% used [0x00000007eec80000,0x00000007eec80000,0x00000007ef300000)
 ParOldGen       total 43520K, used 6226K [0x00000007c0000000, 0x00000007c2a80000, 0x00000007eaa80000)
  object space 43520K, 14% used [0x00000007c0000000,0x00000007c0614a60,0x00000007c2a80000)
 PSPermGen       total 21504K, used 13081K [0x00000007bae00000, 0x00000007bc300000, 0x00000007c0000000)
  object space 21504K, 60% used [0x00000007bae00000,0x00000007bbac6768,0x00000007bc300000)
}
Event: 4.526 GC heap before
{Heap before GC invocations=7 (full 0):
 PSYoungGen      total 74240K, used 72135K [0x00000007eaa80000, 0x00000007ef980000, 0x0000000800000000)
  eden space 67584K, 100% used [0x00000007eaa80000,0x00000007eec80000,0x00000007eec80000)
  from space 6656K, 68% used [0x00000007ef300000,0x00000007ef771d50,0x00000007ef980000)
  to   space 6656K, 0% used [0x00000007eec80000,0x00000007eec80000,0x00000007ef300000)
 ParOldGen       total 43520K, used 6226K [0x00000007c0000000, 0x00000007c2a80000, 0x00000007eaa80000)
  object space 43520K, 14% used [0x00000007c0000000,0x00000007c0614a60,0x00000007c2a80000)
 PSPermGen       total 21504K, used 13728K [0x00000007bae00000, 0x00000007bc300000, 0x00000007c0000000)
  object space 21504K, 63% used [0x00000007bae00000,0x00000007bbb680d0,0x00000007bc300000)
Event: 4.541 GC heap after
Heap after GC invocations=7 (full 0):
 PSYoungGen      total 74240K, used 6653K [0x00000007eaa80000, 0x00000007f3e80000, 0x0000000800000000)
  eden space 67584K, 0% used [0x00000007eaa80000,0x00000007eaa80000,0x00000007eec80000)
  from space 6656K, 99% used [0x00000007eec80000,0x00000007ef2ff408,0x00000007ef300000)
  to   space 8192K, 0% used [0x00000007f3680000,0x00000007f3680000,0x00000007f3e80000)
 ParOldGen       total 43520K, used 7325K [0x00000007c0000000, 0x00000007c2a80000, 0x00000007eaa80000)
  object space 43520K, 16% used [0x00000007c0000000,0x00000007c07275b0,0x00000007c2a80000)
 PSPermGen       total 21504K, used 13728K [0x00000007bae00000, 0x00000007bc300000, 0x00000007c0000000)
  object space 21504K, 63% used [0x00000007bae00000,0x00000007bbb680d0,0x00000007bc300000)
}
Event: 7.175 GC heap before
{Heap before GC invocations=8 (full 0):
 PSYoungGen      total 74240K, used 74237K [0x00000007eaa80000, 0x00000007f3e80000, 0x0000000800000000)
  eden space 67584K, 100% used [0x00000007eaa80000,0x00000007eec80000,0x00000007eec80000)
  from space 6656K, 99% used [0x00000007eec80000,0x00000007ef2ff408,0x00000007ef300000)
  to   space 8192K, 0% used [0x00000007f3680000,0x00000007f3680000,0x00000007f3e80000)
 ParOldGen       total 43520K, used 7325K [0x00000007c0000000, 0x00000007c2a80000, 0x00000007eaa80000)
  object space 43520K, 16% used [0x00000007c0000000,0x00000007c07275b0,0x00000007c2a80000)
 PSPermGen       total 21504K, used 17878K [0x00000007bae00000, 0x00000007bc300000, 0x00000007c0000000)
  object space 21504K, 83% used [0x00000007bae00000,0x00000007bbf75b70,0x00000007bc300000)
Event: 7.208 GC heap after
Heap after GC invocations=8 (full 0):
 PSYoungGen      total 136704K, used 8183K [0x00000007eaa80000, 0x00000007f4b80000, 0x0000000800000000)
  eden space 128512K, 0% used [0x00000007eaa80000,0x00000007eaa80000,0x00000007f2800000)
  from space 8192K, 99% used [0x00000007f3680000,0x00000007f3e7def8,0x00000007f3e80000)
  to   space 14848K, 0% used [0x00000007f2800000,0x00000007f2800000,0x00000007f3680000)
 ParOldGen       total 43520K, used 19859K [0x00000007c0000000, 0x00000007c2a80000, 0x00000007eaa80000)
  object space 43520K, 45% used [0x00000007c0000000,0x00000007c1364c20,0x00000007c2a80000)
 PSPermGen       total 21504K, used 17878K [0x00000007bae00000, 0x00000007bc300000, 0x00000007c0000000)
  object space 21504K, 83% used [0x00000007bae00000,0x00000007bbf75b70,0x00000007bc300000)
}
Event: 14.401 GC heap before
{Heap before GC invocations=9 (full 0):
 PSYoungGen      total 136704K, used 136695K [0x00000007eaa80000, 0x00000007f4b80000, 0x0000000800000000)
  eden space 128512K, 100% used [0x00000007eaa80000,0x00000007f2800000,0x00000007f2800000)
  from space 8192K, 99% used [0x00000007f3680000,0x00000007f3e7def8,0x00000007f3e80000)
  to   space 14848K, 0% used [0x00000007f2800000,0x00000007f2800000,0x00000007f3680000)
 ParOldGen       total 43520K, used 19859K [0x00000007c0000000, 0x00000007c2a80000, 0x00000007eaa80000)
  object space 43520K, 45% used [0x00000007c0000000,0x00000007c1364c20,0x00000007c2a80000)
 PSPermGen       total 23040K, used 22765K [0x00000007bae00000, 0x00000007bc480000, 0x00000007c0000000)
  object space 23040K, 98% used [0x00000007bae00000,0x00000007bc43b7f8,0x00000007bc480000)
Event: 14.452 GC heap after
Heap after GC invocations=9 (full 0):
 PSYoungGen      total 143360K, used 14827K [0x00000007eaa80000, 0x00000007f9880000, 0x0000000800000000)
  eden space 128512K, 0% used [0x00000007eaa80000,0x00000007eaa80000,0x00000007f2800000)
  from space 14848K, 99% used [0x00000007f2800000,0x00000007f367adb0,0x00000007f3680000)
  to   space 18944K, 0% used [0x00000007f8600000,0x00000007f8600000,0x00000007f9880000)
 ParOldGen       total 43520K, used 23968K [0x00000007c0000000, 0x00000007c2a80000, 0x00000007eaa80000)
  object space 43520K, 55% used [0x00000007c0000000,0x00000007c1768148,0x00000007c2a80000)
 PSPermGen       total 23040K, used 22765K [0x00000007bae00000, 0x00000007bc480000, 0x00000007c0000000)
  object space 23040K, 98% used [0x00000007bae00000,0x00000007bc43b7f8,0x00000007bc480000)
}
Event: 55.784 GC heap before
{Heap before GC invocations=10 (full 0):
 PSYoungGen      total 143360K, used 21029K [0x00000007eaa80000, 0x00000007f9880000, 0x0000000800000000)
  eden space 128512K, 4% used [0x00000007eaa80000,0x00000007eb08e9d0,0x00000007f2800000)
  from space 14848K, 99% used [0x00000007f2800000,0x00000007f367adb0,0x00000007f3680000)
  to   space 18944K, 0% used [0x00000007f8600000,0x00000007f8600000,0x00000007f9880000)
 ParOldGen       total 43520K, used 23968K [0x00000007c0000000, 0x00000007c2a80000, 0x00000007eaa80000)
  object space 43520K, 55% used [0x00000007c0000000,0x00000007c1768148,0x00000007c2a80000)
 PSPermGen       total 23040K, used 22767K [0x00000007bae00000, 0x00000007bc480000, 0x00000007c0000000)
  object space 23040K, 98% used [0x00000007bae00000,0x00000007bc43bec8,0x00000007bc480000)

